#
# There is insufficient memory for the Java Runtime Environment to continue.
# Native memory allocation (malloc) failed to allocate 32744 bytes for Chunk::new
# Possible reasons:
#   The system is out of physical RAM or swap space
#   The process is running with CompressedOops enabled, and the Java Heap may be blocking the growth of the native heap
# Possible solutions:
#   Reduce memory load on the system
#   Increase physical memory or swap space
#   Check if swap backing store is full
#   Decrease Java heap size (-Xmx/-Xms)
#   Decrease number of Java threads
#   Decrease Java thread stack sizes (-Xss)
#   Set larger code cache with -XX:ReservedCodeCacheSize=
#   JVM is running with Unscaled Compressed Oops mode in which the Java heap is
#     placed in the first 4GB address space. The Java Heap base address is the
#     maximum limit for the native heap growth. Please use -XX:HeapBaseMinAddress
#     to set the Java Heap base and to place the Java Heap above 4GB virtual address.
# This output file may be truncated or incomplete.
#
#  Out of Memory Error (arena.cpp:184), pid=30868, tid=20416
#
# JRE version: OpenJDK Runtime Environment (19.0.1+10) (build 19.0.1+10-21)
# Java VM: OpenJDK 64-Bit Server VM (19.0.1+10-21, mixed mode, sharing, tiered, compressed oops, compressed class ptrs, g1 gc, windows-amd64)
# No core dump will be written. Minidumps are not enabled by default on client versions of Windows
#

---------------  S U M M A R Y ------------

Command Line: -Dmaven.multiModuleProjectDirectory=C:\Users\Sid\code\esgi\HaidiMasterData -Djansi.passthrough=true -Dmaven.home=C:\Program Files\JetBrains\IntelliJ IDEA 2022.3.1\plugins\maven\lib\maven3 -Dclassworlds.conf=C:\Program Files\JetBrains\IntelliJ IDEA 2022.3.1\plugins\maven\lib\maven3\bin\m2.conf -Dmaven.ext.class.path=C:\Program Files\JetBrains\IntelliJ IDEA 2022.3.1\plugins\maven\lib\maven-event-listener.jar -javaagent:C:\Program Files\JetBrains\IntelliJ IDEA 2022.3.1\lib\idea_rt.jar=57359:C:\Program Files\JetBrains\IntelliJ IDEA 2022.3.1\bin -Dfile.encoding=UTF-8 -Dsun.stdout.encoding=UTF-8 -Dsun.stderr.encoding=UTF-8 org.codehaus.classworlds.Launcher -Didea.version=2022.3.2 clean install

Host: AMD Ryzen 7 3700X 8-Core Processor             , 16 cores, 7G,  Windows 10 , 64 bit Build 19041 (10.0.19041.2364)
Time: Mon Feb  6 15:31:18 2023 Paris, Madrid elapsed time: 5.801013 seconds (0d 0h 0m 5s)

---------------  T H R E A D  ---------------

Current thread (0x00000241fac04710):  JavaThread "C2 CompilerThread0" daemon [_thread_in_native, id=20416, stack(0x000000ff32700000,0x000000ff32800000)]


Current CompileTask:
C2:   5801 8580   !   4       java.lang.ClassLoader::loadClass (121 bytes)

Stack: [0x000000ff32700000,0x000000ff32800000]
Native frames: (J=compiled Java code, j=interpreted, Vv=VM code, C=native code)
V  [jvm.dll+0x6ee8fa]
V  [jvm.dll+0x857a1e]
V  [jvm.dll+0x85940e]
V  [jvm.dll+0x859ac3]
V  [jvm.dll+0x28291f]
V  [jvm.dll+0xc9b5f]
V  [jvm.dll+0xc9ee5]
V  [jvm.dll+0x3c18ac]
V  [jvm.dll+0x3bb30b]
V  [jvm.dll+0x1ee34f]
V  [jvm.dll+0x24c41b]
V  [jvm.dll+0x24b671]
V  [jvm.dll+0x1d6d61]
V  [jvm.dll+0x25b0fa]
V  [jvm.dll+0x259588]
V  [jvm.dll+0x807928]
V  [jvm.dll+0x8015fa]
V  [jvm.dll+0x6ed5eb]
C  [ucrtbase.dll+0x21bb2]
C  [KERNEL32.DLL+0x17614]
C  [ntdll.dll+0x526a1]


---------------  P R O C E S S  ---------------

Threads class SMR info:
_java_thread_list=0x0000024190cd01f0, length=16, elements={
0x00000241ea821890, 0x00000241fabf52a0, 0x00000241fabf8140, 0x00000241fabfb210,
0x00000241fabfbce0, 0x00000241fabfe510, 0x00000241fac04710, 0x00000241fac05e40,
0x00000241fac18550, 0x00000241ff0d6b50, 0x00000241ff0e08f0, 0x00000241ff0e1330,
0x00000241ff0d8b30, 0x00000241ff0d9080, 0x00000241ff569ec0, 0x00000241ff6d3c80
}

Java Threads: ( => current thread )
  0x00000241ea821890 JavaThread "main" [_thread_blocked, id=37852, stack(0x000000ff31a00000,0x000000ff31b00000)]
  0x00000241fabf52a0 JavaThread "Reference Handler" daemon [_thread_blocked, id=33200, stack(0x000000ff32100000,0x000000ff32200000)]
  0x00000241fabf8140 JavaThread "Finalizer" daemon [_thread_blocked, id=15920, stack(0x000000ff32200000,0x000000ff32300000)]
  0x00000241fabfb210 JavaThread "Attach Listener" daemon [_thread_blocked, id=11244, stack(0x000000ff32400000,0x000000ff32500000)]
  0x00000241fabfbce0 JavaThread "Service Thread" daemon [_thread_blocked, id=32308, stack(0x000000ff32500000,0x000000ff32600000)]
  0x00000241fabfe510 JavaThread "Monitor Deflation Thread" daemon [_thread_blocked, id=10636, stack(0x000000ff32600000,0x000000ff32700000)]
=>0x00000241fac04710 JavaThread "C2 CompilerThread0" daemon [_thread_in_native, id=20416, stack(0x000000ff32700000,0x000000ff32800000)]
  0x00000241fac05e40 JavaThread "C1 CompilerThread0" daemon [_thread_blocked, id=39248, stack(0x000000ff32800000,0x000000ff32900000)]
  0x00000241fac18550 JavaThread "Sweeper thread" daemon [_thread_blocked, id=34188, stack(0x000000ff32900000,0x000000ff32a00000)]
  0x00000241ff0d6b50 JavaThread "Common-Cleaner" daemon [_thread_blocked, id=15268, stack(0x000000ff32a00000,0x000000ff32b00000)]
  0x00000241ff0e08f0 JavaThread "C1 CompilerThread1" daemon [_thread_blocked, id=36932, stack(0x000000ff32b00000,0x000000ff32c00000)]
  0x00000241ff0e1330 JavaThread "C1 CompilerThread2" daemon [_thread_blocked, id=40792, stack(0x000000ff32c00000,0x000000ff32d00000)]
  0x00000241ff0d8b30 JavaThread "Monitor Ctrl-Break" daemon [_thread_in_native, id=35200, stack(0x000000ff32d00000,0x000000ff32e00000)]
  0x00000241ff0d9080 JavaThread "Notification Thread" daemon [_thread_blocked, id=33168, stack(0x000000ff32e00000,0x000000ff32f00000)]
  0x00000241ff569ec0 JavaThread "C2 CompilerThread1" daemon [_thread_blocked, id=33628, stack(0x000000ff33000000,0x000000ff33100000)]
  0x00000241ff6d3c80 JavaThread "C1 CompilerThread3" daemon [_thread_blocked, id=38084, stack(0x000000ff33200000,0x000000ff33300000)]

Other Threads:
  0x00000241fabc6170 VMThread "VM Thread" [stack: 0x000000ff32000000,0x000000ff32100000] [id=39832] _threads_hazard_ptr=0x0000024190cd01f0
  0x00000241ea880230 WorkerThread "GC Thread#0" [stack: 0x000000ff31b00000,0x000000ff31c00000] [id=33892]
  0x00000241ff334150 WorkerThread "GC Thread#1" [stack: 0x000000ff33300000,0x000000ff33400000] [id=4716]
  0x00000241ff333070 WorkerThread "GC Thread#2" [stack: 0x000000ff33400000,0x000000ff33500000] [id=29628]
  0x00000241ff334420 WorkerThread "GC Thread#3" [stack: 0x000000ff33500000,0x000000ff33600000] [id=30344]
  0x00000241ff3346f0 WorkerThread "GC Thread#4" [stack: 0x000000ff33600000,0x000000ff33700000] [id=7928]
  0x00000241ff332da0 WorkerThread "GC Thread#5" [stack: 0x000000ff33700000,0x000000ff33800000] [id=38184]
  0x00000241ff333340 WorkerThread "GC Thread#6" [stack: 0x000000ff33800000,0x000000ff33900000] [id=19760]
  0x000002418f738550 WorkerThread "GC Thread#7" [stack: 0x000000ff33900000,0x000000ff33a00000] [id=2928]
  0x000002418f737740 WorkerThread "GC Thread#8" [stack: 0x000000ff33a00000,0x000000ff33b00000] [id=20020]
  0x000002418f734a40 WorkerThread "GC Thread#9" [stack: 0x000000ff33b00000,0x000000ff33c00000] [id=14692]
  0x000002418f736930 WorkerThread "GC Thread#10" [stack: 0x000000ff33c00000,0x000000ff33d00000] [id=2556]
  0x000002418f734fe0 WorkerThread "GC Thread#11" [stack: 0x000000ff33d00000,0x000000ff33e00000] [id=40400]
  0x000002418f735580 WorkerThread "GC Thread#12" [stack: 0x000000ff33e00000,0x000000ff33f00000] [id=39392]
  0x00000241ea891040 ConcurrentGCThread "G1 Main Marker" terminated
  0x00000241ea893130 WorkerThread "G1 Conc#0" [stack: 0x000000ff31d00000,0x000000ff31e00000] [id=12932]
  0x000002418f734d10 WorkerThread "G1 Conc#1" [stack: 0x000000ff33f00000,0x000000ff34000000] [id=26664]
  0x000002418f736c00 WorkerThread "G1 Conc#2" [stack: 0x000000ff34000000,0x000000ff34100000] [id=11392]
  0x00000241ea8ee890 ConcurrentGCThread "G1 Refine#0" terminated
  0x00000241faa7c920 ConcurrentGCThread "G1 Service" terminated

Threads with active compile tasks:
C2 CompilerThread0     5822 8580   !   4       java.lang.ClassLoader::loadClass (121 bytes)
C2 CompilerThread1     5822 9014   !   4       org.apache.maven.model.ModelBase::clone (397 bytes)

VM state: at safepoint (normal execution)

VM Mutex/Monitor currently owned by a thread:  ([mutex/lock_event])
[0x00000241ea81b1b0] Threads_lock - owner thread: 0x00000241fabc6170
[0x00000241ea81bbd0] Heap_lock - owner thread: 0x00000241ea821890

Heap address: 0x0000000081000000, size: 2032 MB, Compressed Oops mode: 32-bit

CDS archive(s) mapped at: [0x0000000800000000-0x0000000800c30000-0x0000000800c30000), size 12779520, SharedBaseAddress: 0x0000000800000000, ArchiveRelocationMode: 0.
Compressed class space mapped at: 0x0000000801000000-0x0000000841000000, reserved size: 1073741824
Narrow klass base: 0x0000000800000000, Narrow klass shift: 0, Narrow klass range: 0x100000000

GC Precious Log:
 CardTable entry size: 512
 Card Set container configuration: InlinePtr #cards 5 size 8 Array Of Cards #cards 12 size 40 Howl #buckets 4 coarsen threshold 1843 Howl Bitmap #cards 512 size 80 coarsen threshold 460 Card regions per heap region 1 cards per card region 2048
 CPUs: 16 total, 16 available
 Memory: 8123M
 Large Page Support: Disabled
 NUMA Support: Disabled
 Compressed Oops: Enabled (32-bit)
 Heap Region Size: 1M
 Heap Min Capacity: 8M
 Heap Initial Capacity: 128M
 Heap Max Capacity: 2032M
 Pre-touch: Disabled
 Parallel Workers: 13
 Concurrent Workers: 3
 Concurrent Refinement Workers: 13
 Periodic GC: Disabled

Heap:
 garbage-first heap   total 129024K, used 48301K [0x0000000081000000, 0x0000000100000000)
  region size 1024K, 11 young (11264K), 6 survivors (6144K)
 Metaspace       used 34172K, committed 34752K, reserved 1114112K
  class space    used 3634K, committed 3904K, reserved 1048576K

Heap Regions: E=young(eden), S=young(survivor), O=old, HS=humongous(starts), HC=humongous(continues), CS=collection set, F=free, OA=open archive, CA=closed archive, TAMS=top-at-mark-start (previous, next)
|   0|0x0000000081000000, 0x0000000081100000, 0x0000000081100000|100%| O|  |TAMS 0x0000000081100000, 0x0000000081000000| Untracked 
|   1|0x0000000081100000, 0x0000000081200000, 0x0000000081200000|100%| O|  |TAMS 0x0000000081200000, 0x0000000081100000| Untracked 
|   2|0x0000000081200000, 0x0000000081300000, 0x0000000081300000|100%| O|  |TAMS 0x0000000081300000, 0x0000000081200000| Untracked 
|   3|0x0000000081300000, 0x0000000081400000, 0x0000000081400000|100%| O|  |TAMS 0x0000000081400000, 0x0000000081300000| Untracked 
|   4|0x0000000081400000, 0x0000000081500000, 0x0000000081500000|100%| O|  |TAMS 0x0000000081500000, 0x0000000081400000| Untracked 
|   5|0x0000000081500000, 0x0000000081600000, 0x0000000081600000|100%| O|  |TAMS 0x0000000081600000, 0x0000000081500000| Untracked 
|   6|0x0000000081600000, 0x0000000081700000, 0x0000000081700000|100%| O|  |TAMS 0x0000000081700000, 0x0000000081600000| Untracked 
|   7|0x0000000081700000, 0x0000000081800000, 0x0000000081800000|100%| O|  |TAMS 0x0000000081800000, 0x0000000081700000| Untracked 
|   8|0x0000000081800000, 0x0000000081900000, 0x0000000081900000|100%| O|  |TAMS 0x0000000081900000, 0x0000000081800000| Untracked 
|   9|0x0000000081900000, 0x0000000081a00000, 0x0000000081a00000|100%| O|  |TAMS 0x0000000081a00000, 0x0000000081900000| Untracked 
|  10|0x0000000081a00000, 0x0000000081b00000, 0x0000000081b00000|100%| O|  |TAMS 0x0000000081b00000, 0x0000000081a00000| Untracked 
|  11|0x0000000081b00000, 0x0000000081c00000, 0x0000000081c00000|100%| O|  |TAMS 0x0000000081c00000, 0x0000000081b00000| Untracked 
|  12|0x0000000081c00000, 0x0000000081c00000, 0x0000000081d00000|  0%| F|  |TAMS 0x0000000081c00000, 0x0000000081c00000| Untracked 
|  13|0x0000000081d00000, 0x0000000081d00000, 0x0000000081e00000|  0%| F|  |TAMS 0x0000000081d00000, 0x0000000081d00000| Untracked 
|  14|0x0000000081e00000, 0x0000000081f00000, 0x0000000081f00000|100%|HS|  |TAMS 0x0000000081f00000, 0x0000000081e00000| Complete 
|  15|0x0000000081f00000, 0x0000000082000000, 0x0000000082000000|100%| O|  |TAMS 0x0000000082000000, 0x0000000081f00000| Untracked 
|  16|0x0000000082000000, 0x0000000082100000, 0x0000000082100000|100%| O|  |TAMS 0x0000000082100000, 0x0000000082000000| Untracked 
|  17|0x0000000082100000, 0x0000000082200000, 0x0000000082200000|100%| O|  |TAMS 0x0000000082200000, 0x0000000082100000| Untracked 
|  18|0x0000000082200000, 0x0000000082300000, 0x0000000082300000|100%| O|  |TAMS 0x0000000082300000, 0x0000000082200000| Untracked 
|  19|0x0000000082300000, 0x0000000082400000, 0x0000000082400000|100%| O|  |TAMS 0x0000000082400000, 0x0000000082300000| Untracked 
|  20|0x0000000082400000, 0x0000000082500000, 0x0000000082500000|100%| O|  |TAMS 0x0000000082500000, 0x0000000082400000| Untracked 
|  21|0x0000000082500000, 0x0000000082600000, 0x0000000082600000|100%| O|  |TAMS 0x0000000082500000, 0x0000000082500000| Untracked 
|  22|0x0000000082600000, 0x0000000082700000, 0x0000000082700000|100%| O|  |TAMS 0x0000000082600000, 0x0000000082600000| Untracked 
|  23|0x0000000082700000, 0x0000000082800000, 0x0000000082800000|100%| O|  |TAMS 0x0000000082700000, 0x0000000082700000| Untracked 
|  24|0x0000000082800000, 0x0000000082900000, 0x0000000082900000|100%|HS|  |TAMS 0x0000000082800000, 0x0000000082800000| Complete 
|  25|0x0000000082900000, 0x0000000082a00000, 0x0000000082a00000|100%| O|  |TAMS 0x0000000082900000, 0x0000000082900000| Untracked 
|  26|0x0000000082a00000, 0x0000000082b00000, 0x0000000082b00000|100%| O|  |TAMS 0x0000000082b00000, 0x0000000082a00000| Untracked 
|  27|0x0000000082b00000, 0x0000000082c00000, 0x0000000082c00000|100%| O|  |TAMS 0x0000000082c00000, 0x0000000082b00000| Untracked 
|  28|0x0000000082c00000, 0x0000000082d00000, 0x0000000082d00000|100%| O|  |TAMS 0x0000000082d00000, 0x0000000082c00000| Untracked 
|  29|0x0000000082d00000, 0x0000000082e00000, 0x0000000082e00000|100%| O|  |TAMS 0x0000000082e00000, 0x0000000082d00000| Untracked 
|  30|0x0000000082e00000, 0x0000000082f00000, 0x0000000082f00000|100%| O|  |TAMS 0x0000000082f00000, 0x0000000082e00000| Untracked 
|  31|0x0000000082f00000, 0x0000000083000000, 0x0000000083000000|100%| O|  |TAMS 0x0000000083000000, 0x0000000082f00000| Untracked 
|  32|0x0000000083000000, 0x0000000083100000, 0x0000000083100000|100%| O|  |TAMS 0x0000000083000000, 0x0000000083000000| Untracked 
|  33|0x0000000083100000, 0x0000000083100000, 0x0000000083200000|  0%| F|  |TAMS 0x0000000083100000, 0x0000000083100000| Untracked 
|  34|0x0000000083200000, 0x0000000083200000, 0x0000000083300000|  0%| F|  |TAMS 0x0000000083200000, 0x0000000083200000| Untracked 
|  35|0x0000000083300000, 0x0000000083300000, 0x0000000083400000|  0%| F|  |TAMS 0x0000000083300000, 0x0000000083300000| Untracked 
|  36|0x0000000083400000, 0x0000000083400000, 0x0000000083500000|  0%| F|  |TAMS 0x0000000083400000, 0x0000000083400000| Untracked 
|  37|0x0000000083500000, 0x0000000083500000, 0x0000000083600000|  0%| F|  |TAMS 0x0000000083500000, 0x0000000083500000| Untracked 
|  38|0x0000000083600000, 0x0000000083600000, 0x0000000083700000|  0%| F|  |TAMS 0x0000000083600000, 0x0000000083600000| Untracked 
|  39|0x0000000083700000, 0x0000000083700000, 0x0000000083800000|  0%| F|  |TAMS 0x0000000083700000, 0x0000000083700000| Untracked 
|  40|0x0000000083800000, 0x0000000083800000, 0x0000000083900000|  0%| F|  |TAMS 0x0000000083800000, 0x0000000083800000| Untracked 
|  41|0x0000000083900000, 0x0000000083900000, 0x0000000083a00000|  0%| F|  |TAMS 0x0000000083900000, 0x0000000083900000| Untracked 
|  42|0x0000000083a00000, 0x0000000083a00000, 0x0000000083b00000|  0%| F|  |TAMS 0x0000000083a00000, 0x0000000083a00000| Untracked 
|  43|0x0000000083b00000, 0x0000000083b00000, 0x0000000083c00000|  0%| F|  |TAMS 0x0000000083b00000, 0x0000000083b00000| Untracked 
|  44|0x0000000083c00000, 0x0000000083c00000, 0x0000000083d00000|  0%| F|  |TAMS 0x0000000083c00000, 0x0000000083c00000| Untracked 
|  45|0x0000000083d00000, 0x0000000083d00000, 0x0000000083e00000|  0%| F|  |TAMS 0x0000000083d00000, 0x0000000083d00000| Untracked 
|  46|0x0000000083e00000, 0x0000000083e00000, 0x0000000083f00000|  0%| F|  |TAMS 0x0000000083e00000, 0x0000000083e00000| Untracked 
|  47|0x0000000083f00000, 0x0000000083f00000, 0x0000000084000000|  0%| F|  |TAMS 0x0000000083f00000, 0x0000000083f00000| Untracked 
|  48|0x0000000084000000, 0x0000000084000000, 0x0000000084100000|  0%| F|  |TAMS 0x0000000084000000, 0x0000000084000000| Untracked 
|  49|0x0000000084100000, 0x0000000084100000, 0x0000000084200000|  0%| F|  |TAMS 0x0000000084100000, 0x0000000084100000| Untracked 
|  50|0x0000000084200000, 0x0000000084200000, 0x0000000084300000|  0%| F|  |TAMS 0x0000000084200000, 0x0000000084200000| Untracked 
|  51|0x0000000084300000, 0x0000000084300000, 0x0000000084400000|  0%| F|  |TAMS 0x0000000084300000, 0x0000000084300000| Untracked 
|  52|0x0000000084400000, 0x0000000084500000, 0x0000000084500000|100%| O|  |TAMS 0x0000000084400000, 0x0000000084400000| Untracked 
|  53|0x0000000084500000, 0x00000000845e7800, 0x0000000084600000| 90%| O|  |TAMS 0x0000000084500000, 0x0000000084500000| Untracked 
|  54|0x0000000084600000, 0x0000000084600000, 0x0000000084700000|  0%| F|  |TAMS 0x0000000084600000, 0x0000000084600000| Untracked 
|  55|0x0000000084700000, 0x0000000084700000, 0x0000000084800000|  0%| F|  |TAMS 0x0000000084700000, 0x0000000084700000| Untracked 
|  56|0x0000000084800000, 0x0000000084800000, 0x0000000084900000|  0%| F|  |TAMS 0x0000000084800000, 0x0000000084800000| Untracked 
|  57|0x0000000084900000, 0x0000000084943df0, 0x0000000084a00000| 26%| S|CS|TAMS 0x0000000084900000, 0x0000000084900000| Complete 
|  58|0x0000000084a00000, 0x0000000084b00000, 0x0000000084b00000|100%| S|CS|TAMS 0x0000000084a00000, 0x0000000084a00000| Complete 
|  59|0x0000000084b00000, 0x0000000084c00000, 0x0000000084c00000|100%| S|CS|TAMS 0x0000000084b00000, 0x0000000084b00000| Complete 
|  60|0x0000000084c00000, 0x0000000084d00000, 0x0000000084d00000|100%| S|CS|TAMS 0x0000000084c00000, 0x0000000084c00000| Complete 
|  61|0x0000000084d00000, 0x0000000084e00000, 0x0000000084e00000|100%| S|CS|TAMS 0x0000000084d00000, 0x0000000084d00000| Complete 
|  62|0x0000000084e00000, 0x0000000084e00000, 0x0000000084f00000|  0%| F|  |TAMS 0x0000000084e00000, 0x0000000084e00000| Untracked 
|  63|0x0000000084f00000, 0x0000000084f00000, 0x0000000085000000|  0%| F|  |TAMS 0x0000000084f00000, 0x0000000084f00000| Untracked 
|  64|0x0000000085000000, 0x0000000085000000, 0x0000000085100000|  0%| F|  |TAMS 0x0000000085000000, 0x0000000085000000| Untracked 
|  65|0x0000000085100000, 0x0000000085100000, 0x0000000085200000|  0%| F|  |TAMS 0x0000000085100000, 0x0000000085100000| Untracked 
|  66|0x0000000085200000, 0x0000000085200000, 0x0000000085300000|  0%| F|  |TAMS 0x0000000085200000, 0x0000000085200000| Untracked 
|  67|0x0000000085300000, 0x0000000085400000, 0x0000000085400000|100%| S|CS|TAMS 0x0000000085300000, 0x0000000085300000| Complete 
|  68|0x0000000085400000, 0x0000000085400000, 0x0000000085500000|  0%| F|  |TAMS 0x0000000085400000, 0x0000000085400000| Untracked 
|  69|0x0000000085500000, 0x0000000085500000, 0x0000000085600000|  0%| F|  |TAMS 0x0000000085500000, 0x0000000085500000| Untracked 
|  70|0x0000000085600000, 0x0000000085600000, 0x0000000085700000|  0%| F|  |TAMS 0x0000000085600000, 0x0000000085600000| Untracked 
|  71|0x0000000085700000, 0x0000000085700000, 0x0000000085800000|  0%| F|  |TAMS 0x0000000085700000, 0x0000000085700000| Untracked 
|  72|0x0000000085800000, 0x0000000085800000, 0x0000000085900000|  0%| F|  |TAMS 0x0000000085800000, 0x0000000085800000| Untracked 
|  73|0x0000000085900000, 0x0000000085900000, 0x0000000085a00000|  0%| F|  |TAMS 0x0000000085900000, 0x0000000085900000| Untracked 
|  74|0x0000000085a00000, 0x0000000085a00000, 0x0000000085b00000|  0%| F|  |TAMS 0x0000000085a00000, 0x0000000085a00000| Untracked 
|  75|0x0000000085b00000, 0x0000000085b00000, 0x0000000085c00000|  0%| F|  |TAMS 0x0000000085b00000, 0x0000000085b00000| Untracked 
|  76|0x0000000085c00000, 0x0000000085c00000, 0x0000000085d00000|  0%| F|  |TAMS 0x0000000085c00000, 0x0000000085c00000| Untracked 
|  77|0x0000000085d00000, 0x0000000085d00000, 0x0000000085e00000|  0%| F|  |TAMS 0x0000000085d00000, 0x0000000085d00000| Untracked 
|  78|0x0000000085e00000, 0x0000000085e00000, 0x0000000085f00000|  0%| F|  |TAMS 0x0000000085e00000, 0x0000000085e00000| Untracked 
|  79|0x0000000085f00000, 0x0000000085f00000, 0x0000000086000000|  0%| F|  |TAMS 0x0000000085f00000, 0x0000000085f00000| Untracked 
|  80|0x0000000086000000, 0x0000000086000000, 0x0000000086100000|  0%| F|  |TAMS 0x0000000086000000, 0x0000000086000000| Untracked 
|  81|0x0000000086100000, 0x0000000086100000, 0x0000000086200000|  0%| F|  |TAMS 0x0000000086100000, 0x0000000086100000| Untracked 
|  82|0x0000000086200000, 0x0000000086200000, 0x0000000086300000|  0%| F|  |TAMS 0x0000000086200000, 0x0000000086200000| Untracked 
|  83|0x0000000086300000, 0x0000000086300000, 0x0000000086400000|  0%| F|  |TAMS 0x0000000086300000, 0x0000000086300000| Untracked 
|  84|0x0000000086400000, 0x0000000086400000, 0x0000000086500000|  0%| F|  |TAMS 0x0000000086400000, 0x0000000086400000| Untracked 
|  85|0x0000000086500000, 0x0000000086500000, 0x0000000086600000|  0%| F|  |TAMS 0x0000000086500000, 0x0000000086500000| Untracked 
|  86|0x0000000086600000, 0x0000000086600000, 0x0000000086700000|  0%| F|  |TAMS 0x0000000086600000, 0x0000000086600000| Untracked 
|  87|0x0000000086700000, 0x0000000086700000, 0x0000000086800000|  0%| F|  |TAMS 0x0000000086700000, 0x0000000086700000| Untracked 
|  88|0x0000000086800000, 0x0000000086800000, 0x0000000086900000|  0%| F|  |TAMS 0x0000000086800000, 0x0000000086800000| Untracked 
|  89|0x0000000086900000, 0x0000000086900000, 0x0000000086a00000|  0%| F|  |TAMS 0x0000000086900000, 0x0000000086900000| Untracked 
|  90|0x0000000086a00000, 0x0000000086a00000, 0x0000000086b00000|  0%| F|  |TAMS 0x0000000086a00000, 0x0000000086a00000| Untracked 
|  91|0x0000000086b00000, 0x0000000086b00000, 0x0000000086c00000|  0%| F|  |TAMS 0x0000000086b00000, 0x0000000086b00000| Untracked 
|  92|0x0000000086c00000, 0x0000000086c00000, 0x0000000086d00000|  0%| F|  |TAMS 0x0000000086c00000, 0x0000000086c00000| Untracked 
|  93|0x0000000086d00000, 0x0000000086d00000, 0x0000000086e00000|  0%| F|  |TAMS 0x0000000086d00000, 0x0000000086d00000| Untracked 
|  94|0x0000000086e00000, 0x0000000086e00000, 0x0000000086f00000|  0%| F|  |TAMS 0x0000000086e00000, 0x0000000086e00000| Untracked 
|  95|0x0000000086f00000, 0x0000000086f00000, 0x0000000087000000|  0%| F|  |TAMS 0x0000000086f00000, 0x0000000086f00000| Untracked 
|  96|0x0000000087000000, 0x0000000087000000, 0x0000000087100000|  0%| F|  |TAMS 0x0000000087000000, 0x0000000087000000| Untracked 
|  97|0x0000000087100000, 0x0000000087100000, 0x0000000087200000|  0%| F|  |TAMS 0x0000000087100000, 0x0000000087100000| Untracked 
|  98|0x0000000087200000, 0x0000000087200000, 0x0000000087300000|  0%| F|  |TAMS 0x0000000087200000, 0x0000000087200000| Untracked 
|  99|0x0000000087300000, 0x0000000087300000, 0x0000000087400000|  0%| F|  |TAMS 0x0000000087300000, 0x0000000087300000| Untracked 
| 100|0x0000000087400000, 0x0000000087400000, 0x0000000087500000|  0%| F|  |TAMS 0x0000000087400000, 0x0000000087400000| Untracked 
| 101|0x0000000087500000, 0x0000000087500000, 0x0000000087600000|  0%| F|  |TAMS 0x0000000087500000, 0x0000000087500000| Untracked 
| 102|0x0000000087600000, 0x0000000087600000, 0x0000000087700000|  0%| F|  |TAMS 0x0000000087600000, 0x0000000087600000| Untracked 
| 103|0x0000000087700000, 0x0000000087700000, 0x0000000087800000|  0%| F|  |TAMS 0x0000000087700000, 0x0000000087700000| Untracked 
| 104|0x0000000087800000, 0x0000000087800000, 0x0000000087900000|  0%| F|  |TAMS 0x0000000087800000, 0x0000000087800000| Untracked 
| 105|0x0000000087900000, 0x0000000087900000, 0x0000000087a00000|  0%| F|  |TAMS 0x0000000087900000, 0x0000000087900000| Untracked 
| 106|0x0000000087a00000, 0x0000000087a00000, 0x0000000087b00000|  0%| F|  |TAMS 0x0000000087a00000, 0x0000000087a00000| Untracked 
| 107|0x0000000087b00000, 0x0000000087b00000, 0x0000000087c00000|  0%| F|  |TAMS 0x0000000087b00000, 0x0000000087b00000| Untracked 
| 108|0x0000000087c00000, 0x0000000087c00000, 0x0000000087d00000|  0%| F|  |TAMS 0x0000000087c00000, 0x0000000087c00000| Untracked 
| 109|0x0000000087d00000, 0x0000000087d00000, 0x0000000087e00000|  0%| F|  |TAMS 0x0000000087d00000, 0x0000000087d00000| Untracked 
| 110|0x0000000087e00000, 0x0000000087e00000, 0x0000000087f00000|  0%| F|  |TAMS 0x0000000087e00000, 0x0000000087e00000| Untracked 
| 111|0x0000000087f00000, 0x0000000087f00000, 0x0000000088000000|  0%| F|  |TAMS 0x0000000087f00000, 0x0000000087f00000| Untracked 
| 112|0x0000000088000000, 0x0000000088000000, 0x0000000088100000|  0%| F|  |TAMS 0x0000000088000000, 0x0000000088000000| Untracked 
| 113|0x0000000088100000, 0x0000000088100000, 0x0000000088200000|  0%| F|  |TAMS 0x0000000088100000, 0x0000000088100000| Untracked 
| 114|0x0000000088200000, 0x0000000088200000, 0x0000000088300000|  0%| F|  |TAMS 0x0000000088200000, 0x0000000088200000| Untracked 
| 115|0x0000000088300000, 0x0000000088300000, 0x0000000088400000|  0%| F|  |TAMS 0x0000000088300000, 0x0000000088300000| Untracked 
| 116|0x0000000088400000, 0x00000000884b5c28, 0x0000000088500000| 70%| E|  |TAMS 0x0000000088400000, 0x0000000088400000| Complete 
| 117|0x0000000088500000, 0x0000000088600000, 0x0000000088600000|100%| E|CS|TAMS 0x0000000088500000, 0x0000000088500000| Complete 
| 118|0x0000000088600000, 0x0000000088700000, 0x0000000088700000|100%| E|CS|TAMS 0x0000000088600000, 0x0000000088600000| Complete 
| 119|0x0000000088700000, 0x0000000088800000, 0x0000000088800000|100%| E|CS|TAMS 0x0000000088700000, 0x0000000088700000| Complete 
| 153|0x000000008a900000, 0x000000008aa00000, 0x000000008aa00000|100%| E|CS|TAMS 0x000000008a900000, 0x000000008a900000| Complete 
|2027|0x00000000ffb00000, 0x00000000ffc00000, 0x00000000ffc00000|100%| O|  |TAMS 0x00000000ffc00000, 0x00000000ffb00000| Untracked 
|2028|0x00000000ffc00000, 0x00000000ffd00000, 0x00000000ffd00000|100%| O|  |TAMS 0x00000000ffd00000, 0x00000000ffc00000| Untracked 
|2029|0x00000000ffd00000, 0x00000000ffe00000, 0x00000000ffe00000|100%| O|  |TAMS 0x00000000ffe00000, 0x00000000ffd00000| Untracked 
|2030|0x00000000ffe00000, 0x00000000fff00000, 0x00000000fff00000|100%| O|  |TAMS 0x00000000fff00000, 0x00000000ffe00000| Untracked 
|2031|0x00000000fff00000, 0x0000000100000000, 0x0000000100000000|100%| O|  |TAMS 0x0000000100000000, 0x00000000fff00000| Untracked 

Card table byte_map: [0x00000241f3410000,0x00000241f3810000] _byte_map_base: 0x00000241f3008000

Marking Bits (Prev, Next): (CMBitMap*) 0x00000241ea880770, (CMBitMap*) 0x00000241ea8807b0
 Prev Bits: [0x00000241f3c10000, 0x00000241f5bd0000)
 Next Bits: [0x00000241f5bd0000, 0x00000241f7b90000)

Polling page: 0x00000241e9ff0000

Metaspace:

Usage:
  Non-class:     29.82 MB used.
      Class:      3.55 MB used.
       Both:     33.37 MB used.

Virtual space:
  Non-class space:       64.00 MB reserved,      30.12 MB ( 47%) committed,  1 nodes.
      Class space:        1.00 GB reserved,       3.81 MB ( <1%) committed,  1 nodes.
             Both:        1.06 GB reserved,      33.94 MB (  3%) committed. 

Chunk freelists:
   Non-Class:  1.77 MB
       Class:  144.00 KB
        Both:  1.91 MB

MaxMetaspaceSize: unlimited
CompressedClassSpaceSize: 1.00 GB
Initial GC threshold: 21.00 MB
Current GC threshold: 42.19 MB
CDS: on
MetaspaceReclaimPolicy: balanced
 - commit_granule_bytes: 65536.
 - commit_granule_words: 8192.
 - virtual_space_node_default_size: 8388608.
 - enlarge_chunks_in_place: 1.
 - new_chunks_are_fully_committed: 0.
 - uncommit_free_chunks: 1.
 - use_allocation_guard: 0.


Internal statistics:

num_allocs_failed_limit: 3.
num_arena_births: 512.
num_arena_deaths: 0.
num_vsnodes_births: 2.
num_vsnodes_deaths: 0.
num_space_committed: 543.
num_space_uncommitted: 0.
num_chunks_returned_to_freelist: 3.
num_chunks_taken_from_freelist: 1772.
num_chunk_merges: 3.
num_chunk_splits: 1253.
num_chunks_enlarged: 943.
num_inconsistent_stats: 0.

CodeHeap 'non-profiled nmethods': size=119168Kb used=4542Kb max_used=4542Kb free=114625Kb
 bounds [0x0000024187ba0000, 0x0000024188010000, 0x000002418f000000]
CodeHeap 'profiled nmethods': size=119104Kb used=18461Kb max_used=18461Kb free=100642Kb
 bounds [0x0000024180000000, 0x0000024181210000, 0x0000024187450000]
CodeHeap 'non-nmethods': size=7488Kb used=3033Kb max_used=3090Kb free=4454Kb
 bounds [0x0000024187450000, 0x0000024187760000, 0x0000024187ba0000]
 total_blobs=8842 nmethods=8266 adapters=483
 compilation: enabled
              stopped_count=0, restarted_count=0
 full_count=0

Compilation events (20 events):
Event: 5.694 Thread 0x00000241ff6d3c80 9035       3       java.util.Locale::hashCode (41 bytes)
Event: 5.694 Thread 0x00000241ff6d3c80 nmethod 9035 0x0000024181204c10 code [0x0000024181204dc0, 0x0000024181204fb8]
Event: 5.696 Thread 0x00000241ff6d3c80 9036       3       java.util.IdentityHashMap$KeySet::iterator (12 bytes)
Event: 5.696 Thread 0x00000241fac05e40 9037       3       java.util.IdentityHashMap$KeyIterator::<init> (6 bytes)
Event: 5.696 Thread 0x00000241fac05e40 nmethod 9037 0x0000024181205090 code [0x0000024181205240, 0x0000024181205388]
Event: 5.696 Thread 0x00000241ff6d3c80 nmethod 9036 0x0000024181205410 code [0x00000241812055c0, 0x00000241812057c8]
Event: 5.698 Thread 0x00000241ff6d3c80 9038       3       org.eclipse.sisu.inject.MildValues$ValueItr::next (27 bytes)
Event: 5.699 Thread 0x00000241ff6d3c80 nmethod 9038 0x0000024181205890 code [0x0000024181205a60, 0x0000024181205cf8]
Event: 5.700 Thread 0x00000241ff6d3c80 9039       1       com.google.inject.internal.InheritingState::getExplicitBindingsThisLevel (5 bytes)
Event: 5.700 Thread 0x00000241ff6d3c80 nmethod 9039 0x000002418800f590 code [0x000002418800f720, 0x000002418800f7d8]
Event: 5.700 Thread 0x00000241ff0e1330 9040   !   3       org.eclipse.sisu.inject.RankedBindings::remove (31 bytes)
Event: 5.701 Thread 0x00000241ff0e1330 nmethod 9040 0x0000024181205e10 code [0x0000024181205fe0, 0x00000241812062d8]
Event: 5.701 Thread 0x00000241ff0e1330 9041       3       org.eclipse.sisu.inject.MildElements$Itr::hasNext (73 bytes)
Event: 5.701 Thread 0x00000241ff6d3c80 9043       3       org.eclipse.sisu.inject.RankedSequence::snapshot (26 bytes)
Event: 5.701 Thread 0x00000241ff0e08f0 9042       3       com.google.inject.internal.InjectorImpl::getBindings (10 bytes)
Event: 5.701 Thread 0x00000241fac05e40 9044       3       org.eclipse.sisu.inject.RankedBindings::bindings (8 bytes)
Event: 5.701 Thread 0x00000241ff0e08f0 nmethod 9042 0x0000024181206510 code [0x00000241812066c0, 0x0000024181206888]
Event: 5.701 Thread 0x00000241ff0e1330 nmethod 9041 0x0000024181206990 code [0x0000024181206b80, 0x00000241812071e8]
Event: 5.701 Thread 0x00000241ff6d3c80 nmethod 9043 0x0000024181207390 code [0x00000241812075a0, 0x0000024181207c48]
Event: 5.701 Thread 0x00000241fac05e40 nmethod 9044 0x0000024181207e90 code [0x00000241812080a0, 0x00000241812087a8]

GC Heap History (20 events):
Event: 2.633 GC heap before
{Heap before GC invocations=4 (full 0):
 garbage-first heap   total 131072K, used 29743K [0x0000000081000000, 0x0000000100000000)
  region size 1024K, 17 young (17408K), 5 survivors (5120K)
 Metaspace       used 21207K, committed 21504K, reserved 1114112K
  class space    used 2266K, committed 2432K, reserved 1048576K
}
Event: 2.637 GC heap after
{Heap after GC invocations=5 (full 0):
 garbage-first heap   total 157696K, used 17885K [0x0000000081000000, 0x0000000100000000)
  region size 1024K, 5 young (5120K), 5 survivors (5120K)
 Metaspace       used 21207K, committed 21504K, reserved 1114112K
  class space    used 2266K, committed 2432K, reserved 1048576K
}
Event: 3.157 GC heap before
{Heap before GC invocations=6 (full 0):
 garbage-first heap   total 65536K, used 52701K [0x0000000081000000, 0x0000000100000000)
  region size 1024K, 38 young (38912K), 5 survivors (5120K)
 Metaspace       used 24692K, committed 25088K, reserved 1114112K
  class space    used 2608K, committed 2816K, reserved 1048576K
}
Event: 3.173 GC heap after
{Heap after GC invocations=7 (full 0):
 garbage-first heap   total 70656K, used 31210K [0x0000000081000000, 0x0000000100000000)
  region size 1024K, 5 young (5120K), 5 survivors (5120K)
 Metaspace       used 24692K, committed 25088K, reserved 1114112K
  class space    used 2608K, committed 2816K, reserved 1048576K
}
Event: 3.184 GC heap before
{Heap before GC invocations=7 (full 0):
 garbage-first heap   total 70656K, used 32234K [0x0000000081000000, 0x0000000100000000)
  region size 1024K, 6 young (6144K), 5 survivors (5120K)
 Metaspace       used 24693K, committed 25088K, reserved 1114112K
  class space    used 2608K, committed 2816K, reserved 1048576K
}
Event: 3.187 GC heap after
{Heap after GC invocations=8 (full 0):
 garbage-first heap   total 70656K, used 32578K [0x0000000081000000, 0x0000000100000000)
  region size 1024K, 1 young (1024K), 1 survivors (1024K)
 Metaspace       used 24693K, committed 25088K, reserved 1114112K
  class space    used 2608K, committed 2816K, reserved 1048576K
}
Event: 3.365 GC heap before
{Heap before GC invocations=8 (full 0):
 garbage-first heap   total 70656K, used 53058K [0x0000000081000000, 0x0000000100000000)
  region size 1024K, 21 young (21504K), 1 survivors (1024K)
 Metaspace       used 25390K, committed 25728K, reserved 1114112K
  class space    used 2667K, committed 2816K, reserved 1048576K
}
Event: 3.370 GC heap after
{Heap after GC invocations=9 (full 0):
 garbage-first heap   total 70656K, used 35840K [0x0000000081000000, 0x0000000100000000)
  region size 1024K, 3 young (3072K), 3 survivors (3072K)
 Metaspace       used 25390K, committed 25728K, reserved 1114112K
  class space    used 2667K, committed 2816K, reserved 1048576K
}
Event: 3.389 GC heap before
{Heap before GC invocations=9 (full 0):
 garbage-first heap   total 70656K, used 38912K [0x0000000081000000, 0x0000000100000000)
  region size 1024K, 7 young (7168K), 3 survivors (3072K)
 Metaspace       used 25454K, committed 25856K, reserved 1114112K
  class space    used 2671K, committed 2880K, reserved 1048576K
}
Event: 3.393 GC heap after
{Heap after GC invocations=10 (full 0):
 garbage-first heap   total 70656K, used 36783K [0x0000000081000000, 0x0000000100000000)
  region size 1024K, 1 young (1024K), 1 survivors (1024K)
 Metaspace       used 25454K, committed 25856K, reserved 1114112K
  class space    used 2671K, committed 2880K, reserved 1048576K
}
Event: 3.704 GC heap before
{Heap before GC invocations=11 (full 0):
 garbage-first heap   total 70656K, used 54191K [0x0000000081000000, 0x0000000100000000)
  region size 1024K, 18 young (18432K), 1 survivors (1024K)
 Metaspace       used 26729K, committed 27136K, reserved 1114112K
  class space    used 2810K, committed 3008K, reserved 1048576K
}
Event: 3.708 GC heap after
{Heap after GC invocations=12 (full 0):
 garbage-first heap   total 70656K, used 38526K [0x0000000081000000, 0x0000000100000000)
  region size 1024K, 2 young (2048K), 2 survivors (2048K)
 Metaspace       used 26729K, committed 27136K, reserved 1114112K
  class space    used 2810K, committed 3008K, reserved 1048576K
}
Event: 3.720 GC heap before
{Heap before GC invocations=12 (full 0):
 garbage-first heap   total 70656K, used 38526K [0x0000000081000000, 0x0000000100000000)
  region size 1024K, 3 young (3072K), 2 survivors (2048K)
 Metaspace       used 26817K, committed 27200K, reserved 1114112K
  class space    used 2816K, committed 3008K, reserved 1048576K
}
Event: 3.723 GC heap after
{Heap after GC invocations=13 (full 0):
 garbage-first heap   total 129024K, used 38120K [0x0000000081000000, 0x0000000100000000)
  region size 1024K, 1 young (1024K), 1 survivors (1024K)
 Metaspace       used 26817K, committed 27200K, reserved 1114112K
  class space    used 2816K, committed 3008K, reserved 1048576K
}
Event: 4.474 GC heap before
{Heap before GC invocations=13 (full 0):
 garbage-first heap   total 129024K, used 88296K [0x0000000081000000, 0x0000000100000000)
  region size 1024K, 51 young (52224K), 1 survivors (1024K)
 Metaspace       used 29684K, committed 30208K, reserved 1114112K
  class space    used 3111K, committed 3392K, reserved 1048576K
}
Event: 4.480 GC heap after
{Heap after GC invocations=14 (full 0):
 garbage-first heap   total 129024K, used 39883K [0x0000000081000000, 0x0000000100000000)
  region size 1024K, 2 young (2048K), 2 survivors (2048K)
 Metaspace       used 29684K, committed 30208K, reserved 1114112K
  class space    used 3111K, committed 3392K, reserved 1048576K
}
Event: 5.009 GC heap before
{Heap before GC invocations=14 (full 0):
 garbage-first heap   total 129024K, used 93131K [0x0000000081000000, 0x0000000100000000)
  region size 1024K, 54 young (55296K), 2 survivors (2048K)
 Metaspace       used 32020K, committed 32576K, reserved 1114112K
  class space    used 3386K, committed 3648K, reserved 1048576K
}
Event: 5.016 GC heap after
{Heap after GC invocations=15 (full 0):
 garbage-first heap   total 129024K, used 41937K [0x0000000081000000, 0x0000000100000000)
  region size 1024K, 5 young (5120K), 5 survivors (5120K)
 Metaspace       used 32020K, committed 32576K, reserved 1114112K
  class space    used 3386K, committed 3648K, reserved 1048576K
}
Event: 5.564 GC heap before
{Heap before GC invocations=15 (full 0):
 garbage-first heap   total 129024K, used 117713K [0x0000000081000000, 0x0000000100000000)
  region size 1024K, 58 young (59392K), 5 survivors (5120K)
 Metaspace       used 33932K, committed 34560K, reserved 1114112K
  class space    used 3610K, committed 3904K, reserved 1048576K
}
Event: 5.570 GC heap after
{Heap after GC invocations=16 (full 0):
 garbage-first heap   total 129024K, used 44205K [0x0000000081000000, 0x0000000100000000)
  region size 1024K, 6 young (6144K), 6 survivors (6144K)
 Metaspace       used 33932K, committed 34560K, reserved 1114112K
  class space    used 3610K, committed 3904K, reserved 1048576K
}

Dll operation events (12 events):
Event: 0.005 Loaded shared library C:\Program Files\OpenJDK\jdk-19.0.1\bin\java.dll
Event: 0.012 Loaded shared library C:\Program Files\OpenJDK\jdk-19.0.1\bin\jsvml.dll
Event: 0.053 Loaded shared library C:\Program Files\OpenJDK\jdk-19.0.1\bin\zip.dll
Event: 0.056 Loaded shared library C:\Program Files\OpenJDK\jdk-19.0.1\bin\instrument.dll
Event: 0.060 Loaded shared library C:\Program Files\OpenJDK\jdk-19.0.1\bin\net.dll
Event: 0.061 Loaded shared library C:\Program Files\OpenJDK\jdk-19.0.1\bin\nio.dll
Event: 0.063 Loaded shared library C:\Program Files\OpenJDK\jdk-19.0.1\bin\zip.dll
Event: 0.074 Loaded shared library C:\Program Files\JetBrains\IntelliJ IDEA 2022.3.1\bin\breakgen64.dll
Event: 0.082 Loaded shared library C:\Program Files\OpenJDK\jdk-19.0.1\bin\extnet.dll
Event: 0.132 Loaded shared library C:\Program Files\OpenJDK\jdk-19.0.1\bin\verify.dll
Event: 0.138 Loaded shared library C:\Program Files\OpenJDK\jdk-19.0.1\bin\jimage.dll
Event: 0.184 Loaded shared library C:\Users\Sid\AppData\Local\Temp\jansi-1.17.1-9479608188829441030.dll

Deoptimization events (20 events):
Event: 5.573 Thread 0x00000241ea821890 DEOPT PACKING pc=0x000002418083799c sp=0x000000ff31afdce0
Event: 5.573 Thread 0x00000241ea821890 DEOPT UNPACKING pc=0x00000241874b7543 sp=0x000000ff31afd170 mode 0
Event: 5.591 Thread 0x00000241ea821890 DEOPT PACKING pc=0x0000024180056036 sp=0x000000ff31af8600
Event: 5.591 Thread 0x00000241ea821890 DEOPT UNPACKING pc=0x00000241874b7543 sp=0x000000ff31af7b80 mode 0
Event: 5.692 Thread 0x00000241ea821890 Uncommon trap: trap_request=0xffffff76 fr.pc=0x0000024187c38404 relative=0x0000000000000164
Event: 5.692 Thread 0x00000241ea821890 Uncommon trap: reason=predicate action=maybe_recompile pc=0x0000024187c38404 method=java.util.Arrays.binarySearch0([Ljava/lang/Object;IILjava/lang/Object;)I @ 12 c2
Event: 5.692 Thread 0x00000241ea821890 DEOPT PACKING pc=0x0000024187c38404 sp=0x000000ff31afdb40
Event: 5.692 Thread 0x00000241ea821890 DEOPT UNPACKING pc=0x00000241874b6da3 sp=0x000000ff31afdad0 mode 2
Event: 5.696 Thread 0x00000241ea821890 Uncommon trap: trap_request=0xffffffc6 fr.pc=0x0000024187fa0424 relative=0x00000000000004c4
Event: 5.696 Thread 0x00000241ea821890 Uncommon trap: reason=bimorphic_or_optimized_type_check action=maybe_recompile pc=0x0000024187fa0424 method=java.util.regex.Pattern$Branch.match(Ljava/util/regex/Matcher;ILjava/lang/CharSequence;)Z @ 32 c2
Event: 5.696 Thread 0x00000241ea821890 DEOPT PACKING pc=0x0000024187fa0424 sp=0x000000ff31afde70
Event: 5.696 Thread 0x00000241ea821890 DEOPT UNPACKING pc=0x00000241874b6da3 sp=0x000000ff31afde10 mode 2
Event: 5.696 Thread 0x00000241ea821890 Uncommon trap: trap_request=0xffffffc6 fr.pc=0x0000024187fa0424 relative=0x00000000000004c4
Event: 5.696 Thread 0x00000241ea821890 Uncommon trap: reason=bimorphic_or_optimized_type_check action=maybe_recompile pc=0x0000024187fa0424 method=java.util.regex.Pattern$Branch.match(Ljava/util/regex/Matcher;ILjava/lang/CharSequence;)Z @ 32 c2
Event: 5.696 Thread 0x00000241ea821890 DEOPT PACKING pc=0x0000024187fa0424 sp=0x000000ff31afddc0
Event: 5.696 Thread 0x00000241ea821890 DEOPT UNPACKING pc=0x00000241874b6da3 sp=0x000000ff31afdd80 mode 2
Event: 5.696 Thread 0x00000241ea821890 Uncommon trap: trap_request=0xffffffc6 fr.pc=0x0000024187fa0424 relative=0x00000000000004c4
Event: 5.696 Thread 0x00000241ea821890 Uncommon trap: reason=bimorphic_or_optimized_type_check action=maybe_recompile pc=0x0000024187fa0424 method=java.util.regex.Pattern$Branch.match(Ljava/util/regex/Matcher;ILjava/lang/CharSequence;)Z @ 32 c2
Event: 5.696 Thread 0x00000241ea821890 DEOPT PACKING pc=0x0000024187fa0424 sp=0x000000ff31afdce0
Event: 5.696 Thread 0x00000241ea821890 DEOPT UNPACKING pc=0x00000241874b6da3 sp=0x000000ff31afdc80 mode 2

Classes loaded (20 events):
Event: 5.266 Loading class javax/management/InstanceNotFoundException
Event: 5.266 Loading class javax/management/OperationsException
Event: 5.266 Loading class javax/management/OperationsException done
Event: 5.266 Loading class javax/management/InstanceNotFoundException done
Event: 5.282 Loading class java/util/jar/JarOutputStream
Event: 5.282 Loading class java/util/zip/ZipOutputStream
Event: 5.283 Loading class java/util/zip/ZipOutputStream done
Event: 5.283 Loading class java/util/jar/JarOutputStream done
Event: 5.340 Loading class java/lang/invoke/DirectMethodHandle$Special
Event: 5.340 Loading class java/lang/invoke/DirectMethodHandle$Special done
Event: 5.347 Loading class java/util/jar/JarInputStream
Event: 5.347 Loading class java/util/jar/JarInputStream done
Event: 5.376 Loading class java/io/FileFilter
Event: 5.377 Loading class java/io/FileFilter done
Event: 5.378 Loading class sun/security/util/ManifestEntryVerifier
Event: 5.378 Loading class sun/security/util/ManifestEntryVerifier done
Event: 5.393 Loading class sun/security/util/SignatureFileVerifier
Event: 5.394 Loading class sun/security/util/SignatureFileVerifier done
Event: 5.595 Loading class sun/security/provider/MD5
Event: 5.595 Loading class sun/security/provider/MD5 done

Classes unloaded (0 events):
No events

Classes redefined (0 events):
No events

Internal exceptions (20 events):
Event: 4.441 Thread 0x00000241ea821890 Exception <a 'sun/nio/fs/WindowsException'{0x00000000859dca68}> (0x00000000859dca68) 
thrown [s\open\src\hotspot\share\prims\jni.cpp, line 517]
Event: 4.441 Thread 0x00000241ea821890 Exception <a 'sun/nio/fs/WindowsException'{0x00000000859e0650}> (0x00000000859e0650) 
thrown [s\open\src\hotspot\share\prims\jni.cpp, line 517]
Event: 4.441 Thread 0x00000241ea821890 Exception <a 'sun/nio/fs/WindowsException'{0x00000000859e0990}> (0x00000000859e0990) 
thrown [s\open\src\hotspot\share\prims\jni.cpp, line 517]
Event: 4.442 Thread 0x00000241ea821890 Exception <a 'sun/nio/fs/WindowsException'{0x00000000859e60b8}> (0x00000000859e60b8) 
thrown [s\open\src\hotspot\share\prims\jni.cpp, line 517]
Event: 4.442 Thread 0x00000241ea821890 Exception <a 'sun/nio/fs/WindowsException'{0x00000000859e6440}> (0x00000000859e6440) 
thrown [s\open\src\hotspot\share\prims\jni.cpp, line 517]
Event: 4.442 Thread 0x00000241ea821890 Exception <a 'sun/nio/fs/WindowsException'{0x00000000859e89c0}> (0x00000000859e89c0) 
thrown [s\open\src\hotspot\share\prims\jni.cpp, line 517]
Event: 4.442 Thread 0x00000241ea821890 Exception <a 'sun/nio/fs/WindowsException'{0x00000000859e8dd0}> (0x00000000859e8dd0) 
thrown [s\open\src\hotspot\share\prims\jni.cpp, line 517]
Event: 4.505 Thread 0x00000241ea821890 Exception <a 'sun/nio/fs/WindowsException'{0x00000000885eb010}> (0x00000000885eb010) 
thrown [s\open\src\hotspot\share\prims\jni.cpp, line 517]
Event: 4.505 Thread 0x00000241ea821890 Exception <a 'sun/nio/fs/WindowsException'{0x00000000885eb700}> (0x00000000885eb700) 
thrown [s\open\src\hotspot\share\prims\jni.cpp, line 517]
Event: 4.505 Thread 0x00000241ea821890 Exception <a 'sun/nio/fs/WindowsException'{0x00000000885ec048}> (0x00000000885ec048) 
thrown [s\open\src\hotspot\share\prims\jni.cpp, line 517]
Event: 4.505 Thread 0x00000241ea821890 Exception <a 'sun/nio/fs/WindowsException'{0x00000000885ec7c0}> (0x00000000885ec7c0) 
thrown [s\open\src\hotspot\share\prims\jni.cpp, line 517]
Event: 4.701 Thread 0x00000241ea821890 Implicit null exception at 0x0000024187f6ab4b to 0x0000024187f6ad44
Event: 4.707 Thread 0x000002419229dd60 Exception <a 'java/lang/NoSuchMethodError'{0x000000008763bb90}: 'java.lang.Object java.lang.invoke.DirectMethodHandle$Holder.invokeStatic(java.lang.Object, long, java.lang.Object)'> (0x000000008763bb90) 
thrown [s\open\src\hotspot\share\interpreter\linkResolver.cpp, line 774]
Event: 4.707 Thread 0x000002419229dd60 Exception <a 'java/lang/NoSuchMethodError'{0x000000008763f310}: 'java.lang.Object java.lang.invoke.DirectMethodHandle$Holder.invokeStaticInit(java.lang.Object, long, java.lang.Object)'> (0x000000008763f310) 
thrown [s\open\src\hotspot\share\interpreter\linkResolver.cpp, line 774]
Event: 4.707 Thread 0x000002419229dd60 Exception <a 'java/lang/NoSuchMethodError'{0x00000000874022b0}: 'java.lang.Object java.lang.invoke.DirectMethodHandle$Holder.newInvokeSpecial(java.lang.Object, long)'> (0x00000000874022b0) 
thrown [s\open\src\hotspot\share\interpreter\linkResolver.cpp, line 774]
Event: 4.709 Thread 0x000002419229dd60 Exception <a 'java/lang/NoSuchMethodError'{0x0000000087406bc0}: 'long java.lang.invoke.DirectMethodHandle$Holder.invokeInterface(java.lang.Object, java.lang.Object)'> (0x0000000087406bc0) 
thrown [s\open\src\hotspot\share\interpreter\linkResolver.cpp, line 774]
Event: 4.709 Thread 0x00000241ea821890 Exception <a 'java/lang/NoSuchMethodError'{0x00000000875d9960}: 'java.lang.String org.apache.maven.execution.MavenExecutionRequest.getFailureBehavior()'> (0x00000000875d9960) 
thrown [s\open\src\hotspot\share\interpreter\linkResolver.cpp, line 870]
Event: 4.710 Thread 0x000002419229dd60 Exception <a 'java/lang/NoSuchMethodError'{0x000000008740ae40}: 'long java.lang.invoke.DelegatingMethodHandle$Holder.reinvoke_L(java.lang.Object, java.lang.Object)'> (0x000000008740ae40) 
thrown [s\open\src\hotspot\share\interpreter\linkResolver.cpp, line 774]
Event: 5.274 Thread 0x00000241ea821890 Exception <a 'java/lang/NoClassDefFoundError'{0x0000000086de91c8}: org/sonatype/aether/graph/Dependency> (0x0000000086de91c8) 
thrown [s\open\src\hotspot\share\classfile\systemDictionary.cpp, line 244]
Event: 5.393 Thread 0x00000241ea821890 Implicit null exception at 0x0000024187eb79a3 to 0x0000024187ebb00c

VM Operations (20 events):
Event: 4.969 Executing VM operation: HandshakeAllThreads done
Event: 5.009 Executing VM operation: G1CollectForAllocation
Event: 5.016 Executing VM operation: G1CollectForAllocation done
Event: 5.023 Executing VM operation: HandshakeAllThreads
Event: 5.023 Executing VM operation: HandshakeAllThreads done
Event: 5.049 Executing VM operation: HandshakeAllThreads
Event: 5.050 Executing VM operation: HandshakeAllThreads done
Event: 5.050 Executing VM operation: HandshakeAllThreads
Event: 5.050 Executing VM operation: HandshakeAllThreads done
Event: 5.348 Executing VM operation: HandshakeAllThreads
Event: 5.348 Executing VM operation: HandshakeAllThreads done
Event: 5.560 Executing VM operation: ICBufferFull
Event: 5.560 Executing VM operation: ICBufferFull done
Event: 5.564 Executing VM operation: G1CollectForAllocation
Event: 5.570 Executing VM operation: G1CollectForAllocation done
Event: 5.600 Executing VM operation: HandshakeAllThreads
Event: 5.600 Executing VM operation: HandshakeAllThreads done
Event: 5.601 Executing VM operation: HandshakeAllThreads
Event: 5.601 Executing VM operation: HandshakeAllThreads done
Event: 5.702 Executing VM operation: Exit

Events (20 events):
Event: 5.055 Thread 0x00000241900098a0 Thread exited: 0x00000241900098a0
Event: 5.055 Thread 0x0000024190005e30 Thread exited: 0x0000024190005e30
Event: 5.055 Thread 0x0000024190007370 Thread exited: 0x0000024190007370
Event: 5.055 Thread 0x00000241900043a0 Thread exited: 0x00000241900043a0
Event: 5.055 Thread 0x0000024190002910 Thread exited: 0x0000024190002910
Event: 5.055 Thread 0x0000024190006380 Thread exited: 0x0000024190006380
Event: 5.055 Thread 0x00000241900068d0 Thread exited: 0x00000241900068d0
Event: 5.055 Thread 0x0000024190002e60 Thread exited: 0x0000024190002e60
Event: 5.055 Thread 0x0000024190005390 Thread exited: 0x0000024190005390
Event: 5.055 Thread 0x0000024190009350 Thread exited: 0x0000024190009350
Event: 5.055 Thread 0x0000024190008360 Thread exited: 0x0000024190008360
Event: 5.055 Thread 0x0000024190007e10 Thread exited: 0x0000024190007e10
Event: 5.055 Thread 0x00000241900033b0 Thread exited: 0x00000241900033b0
Event: 5.055 Thread 0x0000024190004e40 Thread exited: 0x0000024190004e40
Event: 5.055 Thread 0x00000241900058e0 Thread exited: 0x00000241900058e0
Event: 5.055 Thread 0x0000024190008e00 Thread exited: 0x0000024190008e00
Event: 5.523 Thread 0x00000241ff56a9b0 Thread exited: 0x00000241ff56a9b0
Event: 5.701 Thread 0x00000241928d7690 Thread added: 0x00000241928d7690
Event: 5.702 Thread 0x00000241928d7690 Thread exited: 0x00000241928d7690
Event: 5.702 Thread 0x00000241fabf9510 Thread exited: 0x00000241fabf9510


Dynamic libraries:
0x00007ff695b70000 - 0x00007ff695b7e000 	C:\Program Files\OpenJDK\jdk-19.0.1\bin\java.exe
0x00007ffb1c1f0000 - 0x00007ffb1c3e8000 	C:\WINDOWS\SYSTEM32\ntdll.dll
0x00007ffb1a520000 - 0x00007ffb1a5df000 	C:\WINDOWS\System32\KERNEL32.DLL
0x00007ffb19ce0000 - 0x00007ffb19fb2000 	C:\WINDOWS\System32\KERNELBASE.dll
0x00007ffb19a40000 - 0x00007ffb19b40000 	C:\WINDOWS\System32\ucrtbase.dll
0x00007ffb0e480000 - 0x00007ffb0e497000 	C:\Program Files\OpenJDK\jdk-19.0.1\bin\jli.dll
0x00007ffb0e460000 - 0x00007ffb0e47b000 	C:\Program Files\OpenJDK\jdk-19.0.1\bin\VCRUNTIME140.dll
0x00007ffb1bf80000 - 0x00007ffb1c121000 	C:\WINDOWS\System32\USER32.dll
0x00007ffb19fc0000 - 0x00007ffb19fe2000 	C:\WINDOWS\System32\win32u.dll
0x00007ffb05f80000 - 0x00007ffb0621a000 	C:\WINDOWS\WinSxS\amd64_microsoft.windows.common-controls_6595b64144ccf1df_6.0.19041.1110_none_60b5254171f9507e\COMCTL32.dll
0x00007ffb1a7a0000 - 0x00007ffb1a7cb000 	C:\WINDOWS\System32\GDI32.dll
0x00007ffb1abb0000 - 0x00007ffb1ac4e000 	C:\WINDOWS\System32\msvcrt.dll
0x00007ffb19bd0000 - 0x00007ffb19cdf000 	C:\WINDOWS\System32\gdi32full.dll
0x00007ffb198e0000 - 0x00007ffb1997d000 	C:\WINDOWS\System32\msvcp_win.dll
0x00007ffb1a430000 - 0x00007ffb1a462000 	C:\WINDOWS\System32\IMM32.DLL
0x00007ffb0e340000 - 0x00007ffb0e34c000 	C:\Program Files\OpenJDK\jdk-19.0.1\bin\vcruntime140_1.dll
0x00007ffafaca0000 - 0x00007ffafad2e000 	C:\Program Files\OpenJDK\jdk-19.0.1\bin\msvcp140.dll
0x00007ffa74d50000 - 0x00007ffa75a10000 	C:\Program Files\OpenJDK\jdk-19.0.1\bin\server\jvm.dll
0x00007ffb1b640000 - 0x00007ffb1b6ee000 	C:\WINDOWS\System32\ADVAPI32.dll
0x00007ffb1b5a0000 - 0x00007ffb1b63c000 	C:\WINDOWS\System32\sechost.dll
0x00007ffb1a230000 - 0x00007ffb1a355000 	C:\WINDOWS\System32\RPCRT4.dll
0x00007ffa816d0000 - 0x00007ffa816d9000 	C:\WINDOWS\SYSTEM32\WSOCK32.dll
0x00007ffb137a0000 - 0x00007ffb137aa000 	C:\WINDOWS\SYSTEM32\VERSION.dll
0x00007ffb1ad80000 - 0x00007ffb1adeb000 	C:\WINDOWS\System32\WS2_32.dll
0x00007ffb10a00000 - 0x00007ffb10a27000 	C:\WINDOWS\SYSTEM32\WINMM.dll
0x00007ffb177c0000 - 0x00007ffb177d2000 	C:\WINDOWS\SYSTEM32\kernel.appcore.dll
0x00007ffb0e330000 - 0x00007ffb0e33a000 	C:\Program Files\OpenJDK\jdk-19.0.1\bin\jimage.dll
0x00007ffb088a0000 - 0x00007ffb08a84000 	C:\WINDOWS\SYSTEM32\DBGHELP.DLL
0x00007ffb01a90000 - 0x00007ffb01ac5000 	C:\WINDOWS\SYSTEM32\dbgcore.DLL
0x00007ffb19b40000 - 0x00007ffb19bc2000 	C:\WINDOWS\System32\bcryptPrimitives.dll
0x00007ffb101b0000 - 0x00007ffb101be000 	C:\Program Files\OpenJDK\jdk-19.0.1\bin\instrument.dll
0x00007ffb0e2d0000 - 0x00007ffb0e2f6000 	C:\Program Files\OpenJDK\jdk-19.0.1\bin\java.dll
0x00007ffaf7190000 - 0x00007ffaf7267000 	C:\Program Files\OpenJDK\jdk-19.0.1\bin\jsvml.dll
0x00007ffb1adf0000 - 0x00007ffb1b534000 	C:\WINDOWS\System32\SHELL32.dll
0x00007ffb179c0000 - 0x00007ffb18152000 	C:\WINDOWS\SYSTEM32\windows.storage.dll
0x00007ffb1a7d0000 - 0x00007ffb1ab25000 	C:\WINDOWS\System32\combase.dll
0x00007ffb19340000 - 0x00007ffb19370000 	C:\WINDOWS\SYSTEM32\Wldp.dll
0x00007ffb1a470000 - 0x00007ffb1a51d000 	C:\WINDOWS\System32\SHCORE.dll
0x00007ffb1b8a0000 - 0x00007ffb1b8f5000 	C:\WINDOWS\System32\shlwapi.dll
0x00007ffb19820000 - 0x00007ffb1983f000 	C:\WINDOWS\SYSTEM32\profapi.dll
0x00007ffb05480000 - 0x00007ffb05498000 	C:\Program Files\OpenJDK\jdk-19.0.1\bin\zip.dll
0x00007ffb0e2b0000 - 0x00007ffb0e2c3000 	C:\Program Files\OpenJDK\jdk-19.0.1\bin\net.dll
0x00007ffb13b70000 - 0x00007ffb13c7c000 	C:\WINDOWS\SYSTEM32\WINHTTP.dll
0x00007ffb190a0000 - 0x00007ffb1910a000 	C:\WINDOWS\system32\mswsock.dll
0x00007ffb0d5c0000 - 0x00007ffb0d5d6000 	C:\Program Files\OpenJDK\jdk-19.0.1\bin\nio.dll
0x00007ffb0e4a0000 - 0x00007ffb0e4ba000 	C:\Program Files\JetBrains\IntelliJ IDEA 2022.3.1\bin\breakgen64.dll
0x00007ffb0e320000 - 0x00007ffb0e328000 	C:\Program Files\OpenJDK\jdk-19.0.1\bin\extnet.dll
0x00007ffb04410000 - 0x00007ffb04420000 	C:\Program Files\OpenJDK\jdk-19.0.1\bin\verify.dll
0x00007ffb19290000 - 0x00007ffb192a8000 	C:\WINDOWS\SYSTEM32\CRYPTSP.dll
0x00007ffb18950000 - 0x00007ffb18984000 	C:\WINDOWS\system32\rsaenh.dll
0x00007ffb19ff0000 - 0x00007ffb1a017000 	C:\WINDOWS\System32\bcrypt.dll
0x00007ffb197a0000 - 0x00007ffb197ce000 	C:\WINDOWS\SYSTEM32\USERENV.dll
0x00007ffb192b0000 - 0x00007ffb192bc000 	C:\WINDOWS\SYSTEM32\CRYPTBASE.dll
0x00007ffb18d40000 - 0x00007ffb18d7b000 	C:\WINDOWS\SYSTEM32\IPHLPAPI.DLL
0x00007ffb1a790000 - 0x00007ffb1a798000 	C:\WINDOWS\System32\NSI.dll
0x00007ffb13700000 - 0x00007ffb13717000 	C:\WINDOWS\SYSTEM32\dhcpcsvc6.DLL
0x00007ffb13920000 - 0x00007ffb1393d000 	C:\WINDOWS\SYSTEM32\dhcpcsvc.DLL
0x00007ffb18d90000 - 0x00007ffb18e5a000 	C:\WINDOWS\SYSTEM32\DNSAPI.dll
0x00007ffb04400000 - 0x00007ffb0440a000 	C:\Users\Sid\AppData\Local\Temp\jansi-1.17.1-9479608188829441030.dll

dbghelp: loaded successfully - version: 4.0.5 - missing functions: none
symbol engine: initialized successfully - sym options: 0x614 - pdb path: .;C:\Program Files\OpenJDK\jdk-19.0.1\bin;C:\WINDOWS\SYSTEM32;C:\WINDOWS\WinSxS\amd64_microsoft.windows.common-controls_6595b64144ccf1df_6.0.19041.1110_none_60b5254171f9507e;C:\Program Files\OpenJDK\jdk-19.0.1\bin\server;C:\Program Files\JetBrains\IntelliJ IDEA 2022.3.1\bin;C:\Users\Sid\AppData\Local\Temp

VM Arguments:
jvm_args: -Dmaven.multiModuleProjectDirectory=C:\Users\Sid\code\esgi\HaidiMasterData -Djansi.passthrough=true -Dmaven.home=C:\Program Files\JetBrains\IntelliJ IDEA 2022.3.1\plugins\maven\lib\maven3 -Dclassworlds.conf=C:\Program Files\JetBrains\IntelliJ IDEA 2022.3.1\plugins\maven\lib\maven3\bin\m2.conf -Dmaven.ext.class.path=C:\Program Files\JetBrains\IntelliJ IDEA 2022.3.1\plugins\maven\lib\maven-event-listener.jar -javaagent:C:\Program Files\JetBrains\IntelliJ IDEA 2022.3.1\lib\idea_rt.jar=57359:C:\Program Files\JetBrains\IntelliJ IDEA 2022.3.1\bin -Dfile.encoding=UTF-8 -Dsun.stdout.encoding=UTF-8 -Dsun.stderr.encoding=UTF-8 
java_command: org.codehaus.classworlds.Launcher -Didea.version=2022.3.2 clean install
java_class_path (initial): C:\Program Files\JetBrains\IntelliJ IDEA 2022.3.1\plugins\maven\lib\maven3\boot\plexus-classworlds-2.6.0.jar;C:\Program Files\JetBrains\IntelliJ IDEA 2022.3.1\plugins\maven\lib\maven3\boot\plexus-classworlds.license
Launcher Type: SUN_STANDARD

[Global flags]
     intx CICompilerCount                          = 12                                        {consultant} {ergonomic}
     uint ConcGCThreads                            = 3                                         {consultant} {ergonomic}
     uint G1ConcRefinementThreads                  = 13                                        {consultant} {ergonomic}
   size_t G1HeapRegionSize                         = 1048576                                   {consultant} {ergonomic}
    uintx GCDrainStackTargetSize                   = 64                                        {consultant} {ergonomic}
   size_t InitialHeapSize                          = 134217728                                 {consultant} {ergonomic}
   size_t MarkStackSize                            = 4194304                                   {consultant} {ergonomic}
   size_t MaxHeapSize                              = 2130706432                                {consultant} {ergonomic}
   size_t MaxNewSize                               = 1278214144                                {consultant} {ergonomic}
   size_t MinHeapDeltaBytes                        = 1048576                                   {consultant} {ergonomic}
   size_t MinHeapSize                              = 8388608                                   {consultant} {ergonomic}
    uintx NonNMethodCodeHeapSize                   = 7602480                                {pd consultant} {ergonomic}
    uintx NonProfiledCodeHeapSize                  = 122027880                              {pd consultant} {ergonomic}
    uintx ProfiledCodeHeapSize                     = 122027880                              {pd consultant} {ergonomic}
    uintx ReservedCodeCacheSize                    = 251658240                              {pd consultant} {ergonomic}
     bool SegmentedCodeCache                       = true                                      {consultant} {ergonomic}
   size_t SoftMaxHeapSize                          = 2130706432                             {manageable} {ergonomic}
     bool UseCompressedClassPointers               = true                           {consultant lp64_product} {ergonomic}
     bool UseCompressedOops                        = true                           {consultant lp64_product} {ergonomic}
     bool UseG1GC                                  = true                                      {consultant} {ergonomic}
     bool UseLargePagesIndividualAllocation        = false                                  {pd consultant} {ergonomic}

Logging:
Log output configuration:
 #0: stdout all=warning uptime,level,tags foldmultilines=false
 #1: stderr all=off uptime,level,tags foldmultilines=false

Environment Variables:
JAVA_HOME=C:\Program Files\Microsoft\jdk-11.0.17.8-hotspot\
PATH=C:\Program Files (x86)\Microsoft SDKs\Azure\CLI2\wbin;C:\Program Files\Microsoft\jdk-11.0.17.8-hotspot\bin;C:\Python310\Scripts\;C:\Python310\;C:\Program Files (x86)\Razer Chroma SDK\bin;C:\Program Files\Razer Chroma SDK\bin;C:\Program Files (x86)\Razer\ChromaBroadcast\bin;C:\Program Files\Razer\ChromaBroadcast\bin;C:\WINDOWS\system32;C:\WINDOWS;C:\WINDOWS\System32\Wbem;C:\WINDOWS\System32\WindowsPowerShell\v1.0\;C:\WINDOWS\System32\OpenSSH\;C:\WINDOWS\system32\config\systemprofile\AppData\Local\Microsoft\WindowsApps;C:\ProgramData\chocolatey\bin;C:\Program Files\Git\cmd;C:\ProgramData\chocolatey\lib\maven\apache-maven-3.8.5\bin;C:\Program Files\nodejs\;C:\Users\Sid\code\bin;C:\Program Files\OpenJDK\jdk-19.0.1\bin;C:\Users\Sid\.cargo\bin;C:\Users\Sid\AppData\Local\Microsoft\WindowsApps;C:\Users\Sid\AppData\Local\Programs\Microsoft VS Code\bin;C:\Program Files\JetBrains\IntelliJ IDEA Community Edition 2021.3.3\bin;;C:\Program Files\JetBrains\WebStorm 2022.1\bin;;C:\Users\Sid\AppData\Roaming\npm;C:\Users\Sid\go\bin;C:\Program Files\JetBrains\IntelliJ IDEA 2022.3.1\bin;;C:\Users\Sid\Downloads\bin;C:\Gradle\gradle-7.6\bin;;C:\Program Files\JetBrains\CLion 2022.3.1\bin;
USERNAME=Sid
OS=Windows_NT
PROCESSOR_IDENTIFIER=AMD64 Family 23 Model 113 Stepping 0, AuthenticAMD
TMP=C:\Users\Sid\AppData\Local\Temp
TEMP=C:\Users\Sid\AppData\Local\Temp



---------------  S Y S T E M  ---------------

OS:
 Windows 10 , 64 bit Build 19041 (10.0.19041.2364)
OS uptime: 4 days 13:33 hours

CPU: total 16 (initial active 16) (16 cores per cpu, 2 threads per core) availability 23 model 113 stepping 0 microcode 0x0, cx8, cmov, fxsr, ht, mmx, 3dnowpref, sse, sse2, sse3, ssse3, sse4a, sse4.1, sse4.2, popcnt, lzcnt, tsc, tscinvbit, avx, avx2, aes, clmul, bmi1, bmi2, adx, sha, fma, vzeroupper, clflush, clflushopt, rdtscp, rdpid

Memory: 4k page, system-wide physical 8123M (470M free)
TotalPageFile size 32699M (AvailPageFile size 6M)
current process WorkingSet (physical memory assigned to process): 367M, peak: 367M
current process commit charge ("private bytes"): 413M, peak: 413M

vm_info: OpenJDK 64-Bit Server VM (19.0.1+10-21) for windows-amd64 JRE (19.0.1+10-21), built on 2022-09-14T12:45:06Z by "mach5one" with MS VC++ 17.1 (VS2022)

END.
